{
  "RSpec": {
    "coverage": {
      "/home/ubuntu/workspace/CP-Management-System/app/helpers/application_helper.rb": [
        1,
        null
      ],
      "/home/ubuntu/workspace/CP-Management-System/app/helpers/course_helper.rb": [
        1,
        null
      ],
      "/home/ubuntu/workspace/CP-Management-System/app/helpers/courses_helper.rb": [
        1,
        null
      ],
      "/home/ubuntu/workspace/CP-Management-System/app/helpers/sessions_helper.rb": [
        1,
        null
      ],
      "/home/ubuntu/workspace/CP-Management-System/app/helpers/users_helper.rb": [
        1,
        null
      ],
      "/home/ubuntu/workspace/CP-Management-System/app/controllers/course_controller.rb": [
        0,
        0,
        0,
        0,
        0,
        0,
        0,
        0,
        0,
        0,
        0,
        0,
        0,
        0,
        0,
        0,
        0,
        0,
        0,
        0,
        0,
        0,
        0,
        0,
        0,
        0,
        0,
        0,
        0,
        0,
        0,
        0,
        0,
        0,
        0,
        0,
        0,
        0,
        0,
        0,
        0,
        0,
        0,
        0,
        0,
        0,
        0,
        0,
        0,
        0,
        0,
        0,
        0,
        0,
        0,
        0,
        0,
        0,
        0,
        0,
        0,
        0,
        0,
        0,
        0,
        0,
        0,
        0,
        0,
        0,
        0,
        0,
        0,
        0,
        0,
        0,
        0,
        0,
        0,
        0,
        0,
        0,
        0,
        0,
        0,
        0,
        0,
        0,
        0,
        0,
        0,
        0,
        0,
        0,
        0,
        0,
        0,
        0,
        0,
        0,
        0,
        0,
        0,
        0,
        0,
        0,
        0,
        0,
        0,
        0,
        0,
        0,
        0,
        0,
        0,
        0,
        0,
        0,
        0,
        0,
        0,
        0,
        0,
        0,
        0,
        0,
        0,
        0,
        0,
        0,
        0,
        0,
        0,
        0,
        0,
        0,
        0,
        0,
        0,
        0,
        0,
        0,
        0,
        0,
        0,
        0,
        0,
        0,
        0,
        0,
        0,
        0,
        0,
        0,
        0,
        0,
        0,
        0,
        0,
        0,
        0,
        0,
        0,
        0,
        0,
        0,
        0,
        0,
        0,
        0,
        0,
        0,
        0,
        0,
        0,
        0,
        0,
        0,
        0,
        0,
        0,
        0,
        0,
        0
      ],
      "/home/ubuntu/workspace/CP-Management-System/app/controllers/sessions_controller.rb": [
        0,
        0,
        0,
        0,
        0,
        0,
        0,
        0,
        0,
        0,
        0,
        0,
        0,
        0,
        0,
        0,
        0,
        0
      ],
      "/home/ubuntu/workspace/CP-Management-System/app/controllers/application_controller.rb": [
        0,
        0,
        0,
        0,
        0
      ],
      "/home/ubuntu/workspace/CP-Management-System/app/controllers/users_controller.rb": [
        0,
        0,
        0,
        0,
        0,
        0,
        0,
        0,
        0,
        0,
        0,
        0,
        0
      ],
      "/home/ubuntu/workspace/CP-Management-System/app/models/course.rb": [
        0,
        0,
        0
      ],
      "/home/ubuntu/workspace/CP-Management-System/app/models/auditorium.rb": [
        0,
        0
      ],
      "/home/ubuntu/workspace/CP-Management-System/app/models/user.rb": [
        0,
        0
      ],
      "/home/ubuntu/workspace/CP-Management-System/app/models/student.rb": [
        0,
        0
      ]
    },
    "timestamp": 1462227765
  }
}
