{
  "RSpec": {
    "coverage": {
      "/home/ubuntu/workspace/tempprojcp/app/helpers/application_helper.rb": [
        1,
        null
      ],
      "/home/ubuntu/workspace/tempprojcp/app/helpers/course_helper.rb": [
        1,
        null
      ],
      "/home/ubuntu/workspace/tempprojcp/app/helpers/courses_helper.rb": [
        1,
        null
      ],
      "/home/ubuntu/workspace/tempprojcp/app/helpers/sessions_helper.rb": [
        1,
        null
      ],
      "/home/ubuntu/workspace/tempprojcp/app/helpers/users_helper.rb": [
        1,
        null
      ],
      "/home/ubuntu/workspace/tempprojcp/app/controllers/course_controller.rb": [
        1,
        1,
        0,
        0,
        null,
        0,
        0,
        0,
        null,
        0,
        0,
        0,
        null,
        null,
        1,
        0,
        0,
        null,
        0,
        0,
        0,
        0,
        null,
        0,
        0,
        0,
        0,
        0,
        0,
        null,
        0,
        0,
        0,
        0,
        null,
        0,
        0,
        0,
        0,
        null,
        null,
        null,
        0,
        0,
        0,
        0,
        0,
        0,
        null,
        0,
        null,
        0,
        null,
        0,
        null,
        0,
        null,
        0,
        null,
        0,
        0,
        null,
        0,
        null,
        null,
        0,
        null,
        null,
        null,
        null,
        1,
        0,
        0,
        0,
        null,
        0,
        0,
        0,
        0,
        null,
        null,
        null,
        1,
        0,
        0,
        0,
        0,
        null,
        0,
        0,
        null,
        0,
        0,
        0,
        null,
        null,
        null,
        1,
        0,
        0,
        null,
        0,
        0,
        0,
        null,
        0,
        null,
        null,
        1,
        0,
        0,
        null,
        0,
        0,
        0,
        0,
        0,
        0,
        0,
        0,
        0,
        0,
        0,
        null,
        null,
        null,
        null,
        1,
        0,
        0,
        null,
        null,
        null,
        1,
        0,
        0,
        null,
        0,
        0,
        0,
        0,
        0,
        0,
        0,
        0,
        null,
        null,
        null,
        null,
        1,
        0,
        0,
        null,
        0,
        0,
        0,
        0,
        0,
        0,
        null,
        null,
        0,
        null,
        null,
        1,
        0,
        0,
        null,
        0,
        0,
        0,
        0,
        0,
        0,
        0,
        0,
        null,
        0,
        0,
        0,
        0,
        null,
        null,
        null,
        null
      ],
      "/home/ubuntu/workspace/tempprojcp/app/controllers/application_controller.rb": [
        1,
        null,
        null,
        1,
        null
      ],
      "/home/ubuntu/workspace/tempprojcp/app/models/user.rb": [
        1,
        null
      ],
      "/home/ubuntu/workspace/tempprojcp/app/models/course.rb": [
        0,
        0,
        0
      ],
      "/home/ubuntu/workspace/tempprojcp/app/models/auditorium.rb": [
        0,
        0
      ],
      "/home/ubuntu/workspace/tempprojcp/app/models/student.rb": [
        0,
        0
      ],
      "/home/ubuntu/workspace/tempprojcp/app/controllers/sessions_controller.rb": [
        0,
        0,
        0,
        0,
        0,
        0,
        0,
        0,
        0,
        0,
        0,
        0,
        0,
        0,
        0,
        0,
        0,
        0
      ],
      "/home/ubuntu/workspace/tempprojcp/app/controllers/users_controller.rb": [
        0,
        0,
        0,
        0,
        0,
        0,
        0,
        0,
        0,
        0,
        0,
        0,
        0
      ]
    },
    "timestamp": 1462300633
  },
  "Cucumber Features": {
    "coverage": {
      "/home/ubuntu/workspace/tempprojcp/app/models/user.rb": [
        1,
        null
      ],
      "/home/ubuntu/workspace/tempprojcp/app/controllers/sessions_controller.rb": [
        1,
        1,
        null,
        1,
        5,
        5,
        5,
        5,
        null,
        0,
        0,
        null,
        null,
        1,
        0,
        0,
        null,
        null
      ],
      "/home/ubuntu/workspace/tempprojcp/app/controllers/application_controller.rb": [
        1,
        null,
        null,
        1,
        null
      ],
      "/home/ubuntu/workspace/tempprojcp/app/helpers/application_helper.rb": [
        1,
        null
      ],
      "/home/ubuntu/workspace/tempprojcp/app/helpers/course_helper.rb": [
        1,
        null
      ],
      "/home/ubuntu/workspace/tempprojcp/app/helpers/courses_helper.rb": [
        1,
        null
      ],
      "/home/ubuntu/workspace/tempprojcp/app/helpers/sessions_helper.rb": [
        1,
        null
      ],
      "/home/ubuntu/workspace/tempprojcp/app/helpers/users_helper.rb": [
        1,
        null
      ],
      "/home/ubuntu/workspace/tempprojcp/app/controllers/users_controller.rb": [
        1,
        1,
        null,
        1,
        11,
        1,
        null,
        11,
        0,
        null,
        11,
        null,
        null
      ],
      "/home/ubuntu/workspace/tempprojcp/app/controllers/course_controller.rb": [
        1,
        1,
        5,
        0,
        null,
        5,
        5,
        0,
        null,
        5,
        5,
        5,
        null,
        null,
        1,
        5,
        0,
        null,
        5,
        5,
        5,
        5,
        null,
        5,
        5,
        5,
        5,
        5,
        5,
        null,
        5,
        5,
        5,
        5,
        null,
        5,
        5,
        5,
        5,
        null,
        null,
        null,
        5,
        5,
        5,
        1,
        1,
        0,
        null,
        1,
        null,
        0,
        null,
        0,
        null,
        0,
        null,
        1,
        null,
        4,
        0,
        null,
        4,
        null,
        null,
        5,
        null,
        5,
        null,
        null,
        1,
        4,
        4,
        0,
        null,
        4,
        4,
        4,
        4,
        null,
        null,
        null,
        1,
        4,
        4,
        4,
        0,
        null,
        4,
        0,
        null,
        4,
        4,
        4,
        null,
        null,
        null,
        1,
        1,
        0,
        null,
        1,
        1,
        1,
        null,
        1,
        null,
        null,
        1,
        0,
        0,
        null,
        0,
        0,
        0,
        0,
        0,
        0,
        0,
        0,
        0,
        0,
        0,
        null,
        null,
        null,
        null,
        1,
        0,
        0,
        null,
        null,
        null,
        1,
        0,
        0,
        null,
        0,
        0,
        0,
        0,
        0,
        0,
        0,
        0,
        null,
        null,
        null,
        null,
        1,
        0,
        0,
        null,
        0,
        0,
        0,
        0,
        0,
        0,
        null,
        null,
        0,
        null,
        null,
        1,
        0,
        0,
        null,
        0,
        0,
        0,
        0,
        0,
        0,
        0,
        0,
        null,
        0,
        0,
        0,
        0,
        null,
        null,
        null,
        null
      ],
      "/home/ubuntu/workspace/tempprojcp/app/models/course.rb": [
        1,
        1,
        null
      ],
      "/home/ubuntu/workspace/tempprojcp/app/models/auditorium.rb": [
        0,
        0
      ],
      "/home/ubuntu/workspace/tempprojcp/app/models/student.rb": [
        0,
        0
      ]
    },
    "timestamp": 1462302770
  }
}
